<?xml version="1.0" encoding="UTF-8"?>
<testsuite xmlns:xsi="http://www.w3.org/2001/XMLSchema-instance" xsi:noNamespaceSchemaLocation="https://maven.apache.org/surefire/maven-surefire-plugin/xsd/surefire-test-report-3.0.xsd" version="3.0" name="com.kmp.KMPTest" time="0.16" tests="4" errors="0" skipped="0" failures="0">
  <properties>
    <property name="sun.desktop" value="windows"/>
    <property name="awt.toolkit" value="sun.awt.windows.WToolkit"/>
    <property name="java.specification.version" value="11"/>
    <property name="sun.cpu.isalist" value="amd64"/>
    <property name="sun.jnu.encoding" value="Cp1252"/>
    <property name="java.class.path" value="D:\cours\sorbonne\master\m2\daar\DAAR\tme2\kmp\target\test-classes;D:\cours\sorbonne\master\m2\daar\DAAR\tme2\kmp\target\classes;C:\Users\aboub_bmdb7gr\.m2\repository\org\junit\jupiter\junit-jupiter-params\5.9.0\junit-jupiter-params-5.9.0.jar;C:\Users\aboub_bmdb7gr\.m2\repository\org\junit\jupiter\junit-jupiter-api\5.9.0\junit-jupiter-api-5.9.0.jar;C:\Users\aboub_bmdb7gr\.m2\repository\org\opentest4j\opentest4j\1.2.0\opentest4j-1.2.0.jar;C:\Users\aboub_bmdb7gr\.m2\repository\org\junit\platform\junit-platform-commons\1.9.0\junit-platform-commons-1.9.0.jar;C:\Users\aboub_bmdb7gr\.m2\repository\org\apiguardian\apiguardian-api\1.1.2\apiguardian-api-1.1.2.jar;"/>
    <property name="java.vm.vendor" value="Oracle Corporation"/>
    <property name="sun.arch.data.model" value="64"/>
    <property name="user.variant" value=""/>
    <property name="java.vendor.url" value="https://openjdk.java.net/"/>
    <property name="user.timezone" value="Europe/Paris"/>
    <property name="java.vm.specification.version" value="11"/>
    <property name="os.name" value="Windows 11"/>
    <property name="sun.java.launcher" value="SUN_STANDARD"/>
    <property name="user.country" value="GB"/>
    <property name="sun.boot.library.path" value="C:\Program Files\Java\jdk-11\bin"/>
    <property name="sun.java.command" value="C:\Users\aboub_bmdb7gr\AppData\Local\Temp\surefire7290799586083561455\surefirebooter17706529848109492163.jar C:\Users\aboub_bmdb7gr\AppData\Local\Temp\surefire7290799586083561455 2023-09-30T21-44-41_326-jvmRun1 surefire8970280497041968086tmp surefire_017558975934917315826tmp"/>
    <property name="jdk.debug" value="release"/>
    <property name="surefire.test.class.path" value="D:\cours\sorbonne\master\m2\daar\DAAR\tme2\kmp\target\test-classes;D:\cours\sorbonne\master\m2\daar\DAAR\tme2\kmp\target\classes;C:\Users\aboub_bmdb7gr\.m2\repository\org\junit\jupiter\junit-jupiter-params\5.9.0\junit-jupiter-params-5.9.0.jar;C:\Users\aboub_bmdb7gr\.m2\repository\org\junit\jupiter\junit-jupiter-api\5.9.0\junit-jupiter-api-5.9.0.jar;C:\Users\aboub_bmdb7gr\.m2\repository\org\opentest4j\opentest4j\1.2.0\opentest4j-1.2.0.jar;C:\Users\aboub_bmdb7gr\.m2\repository\org\junit\platform\junit-platform-commons\1.9.0\junit-platform-commons-1.9.0.jar;C:\Users\aboub_bmdb7gr\.m2\repository\org\apiguardian\apiguardian-api\1.1.2\apiguardian-api-1.1.2.jar;"/>
    <property name="sun.cpu.endian" value="little"/>
    <property name="user.home" value="C:\Users\aboub_bmdb7gr"/>
    <property name="user.language" value="en"/>
    <property name="java.specification.vendor" value="Oracle Corporation"/>
    <property name="java.version.date" value="2023-07-18"/>
    <property name="java.home" value="C:\Program Files\Java\jdk-11"/>
    <property name="file.separator" value="\"/>
    <property name="basedir" value="D:\cours\sorbonne\master\m2\daar\DAAR\tme2\kmp"/>
    <property name="java.vm.compressedOopsMode" value="Zero based"/>
    <property name="line.separator" value="&#10;"/>
    <property name="java.specification.name" value="Java Platform API Specification"/>
    <property name="java.vm.specification.vendor" value="Oracle Corporation"/>
    <property name="java.awt.graphicsenv" value="sun.awt.Win32GraphicsEnvironment"/>
    <property name="surefire.real.class.path" value="C:\Users\aboub_bmdb7gr\AppData\Local\Temp\surefire7290799586083561455\surefirebooter17706529848109492163.jar"/>
    <property name="user.script" value=""/>
    <property name="sun.management.compiler" value="HotSpot 64-Bit Tiered Compilers"/>
    <property name="java.runtime.version" value="11.0.20+9-LTS-256"/>
    <property name="user.name" value="aboub_bmdb7gr"/>
    <property name="path.separator" value=";"/>
    <property name="os.version" value="10.0"/>
    <property name="java.runtime.name" value="Java(TM) SE Runtime Environment"/>
    <property name="file.encoding" value="Cp1252"/>
    <property name="java.vm.name" value="Java HotSpot(TM) 64-Bit Server VM"/>
    <property name="java.vendor.version" value="18.9"/>
    <property name="localRepository" value="C:\Users\aboub_bmdb7gr\.m2\repository"/>
    <property name="java.vendor.url.bug" value="https://bugreport.java.com/bugreport/"/>
    <property name="java.io.tmpdir" value="C:\Users\ABOUB_~1\AppData\Local\Temp\"/>
    <property name="java.version" value="11.0.20"/>
    <property name="user.dir" value="D:\cours\sorbonne\master\m2\daar\DAAR\tme2\kmp"/>
    <property name="os.arch" value="amd64"/>
    <property name="java.vm.specification.name" value="Java Virtual Machine Specification"/>
    <property name="java.awt.printerjob" value="sun.awt.windows.WPrinterJob"/>
    <property name="sun.os.patch.level" value=""/>
    <property name="java.library.path" value="C:\Program Files\Java\jdk-11\bin;C:\WINDOWS\Sun\Java\bin;C:\WINDOWS\system32;C:\WINDOWS;C:\Program Files\Common Files\Oracle\Java\javapath;C:\WINDOWS\system32;C:\WINDOWS;C:\WINDOWS\System32\Wbem;C:\WINDOWS\System32\WindowsPowerShell\v1.0\;C:\WINDOWS\System32\OpenSSH\;C:\ProgramData\chocolatey\bin;C:\Program Files\nodejs\;C:\Gradle\gradle-7.4.2\bin;C:\Users\aboub_bmdb7gr\Downloads\dartsdk-windows-x64-release\dart-sdk\bin;C:\flutter\bin;C:\Program Files\Go\bin;C:\Program Files (x86)\NVIDIA Corporation\PhysX\Common;C:\Program Files\NVIDIA Corporation\NVIDIA NvDLISR;C:\Program Files\Git\cmd;C:\Program Files\Docker\Docker\resources\bin;C:\Program Files\dotnet\;C:\Users\aboub_bmdb7gr\AppData\Roaming\Microsoft\Windows\Start Menu\Programs\Windows PowerShell;C:\Users\aboub_bmdb7gr\.cargo\bin;C:\Users\aboub_bmdb7gr\AppData\Roaming\local\bin;C:\Users\aboub_bmdb7gr\AppData\Local\Microsoft\WindowsApps;C:\Users\aboub_bmdb7gr\AppData\Roaming\npm;C:\Gradle\gradle-7.4.2\bin;C:\Users\aboub_bmdb7gr\AppData\Local\Coursier\data\bin;C:\Users\aboub_bmdb7gr\Downloads\dartsdk-windows-x64-release\dart-sdk\bin;C:\flutter\bin;C:\Users\aboub_bmdb7gr\Documents\Pharo\vms\100-x64;C:\texlive\2022\bin\win32;C:\Users\aboub_bmdb7gr\AppData\Roaming\cabal\bin;C:\tools\ghc-9.4.4\bin;C:\Program Files\Java\jdk-19\bin;C:\Program Files\apache-maven-3.9.0\bin;C:\Users\aboub_bmdb7gr\AppData\Local\Microsoft\WindowsApps;C:\Users\aboub_bmdb7gr\go\bin;C:\Users\aboub_bmdb7gr\AppData\Local\Programs\Microsoft VS Code\bin;C:\ghcup\bin;C:\Program Files\apache-tomcat-8.5.90;C:\Users\aboub_bmdb7gr\.dotnet\tools;."/>
    <property name="java.vendor" value="Oracle Corporation"/>
    <property name="java.vm.info" value="mixed mode"/>
    <property name="java.vm.version" value="11.0.20+9-LTS-256"/>
    <property name="java.specification.maintenance.version" value="2"/>
    <property name="sun.io.unicode.encoding" value="UnicodeLittle"/>
    <property name="java.class.version" value="55.0"/>
  </properties>
  <testcase name="testSearchPatternInText(ISearchEngine)[1]" classname="com.kmp.KMPTest" time="0.081"/>
  <testcase name="testSearchPatternInText(ISearchEngine)[2]" classname="com.kmp.KMPTest" time="0.003"/>
  <testcase name="testSearchPatternInEmptyText(ISearchEngine)[1]" classname="com.kmp.KMPTest" time="0.001"/>
  <testcase name="testSearchPatternInEmptyText(ISearchEngine)[2]" classname="com.kmp.KMPTest" time="0"/>
</testsuite>